2020-10-17 22:40:58.690  INFO 15392 --- [main] lavalink.server.Launcher                 : 

[32m       .  [31m _                  _ _       _    [32m__ _ _
[32m      /\\ [31m| | __ ___   ____ _| (_)_ __ | | __[32m\ \ \ \
[32m     ( ( )[31m| |/ _` \ \ / / _` | | | '_ \| |/ /[32m \ \ \ \
[32m      \\/ [31m| | (_| |\ V / (_| | | | | | |   < [32m  ) ) ) )
[32m       '  [31m|_|\__,_| \_/ \__,_|_|_|_| |_|_|\_\[32m / / / /
[0m    =========================================[32m/_/_/_/[0m

	Version:        3.3.1.4
	Build:          1111
	Build time:     09.10.2020 14:42:03 UTC
	Branch          master
	Commit:         19972c2
	Commit time:    04.10.2020 15:12:22 UTC
	JVM:            14.0.2
	Lavaplayer      1.3.54.3

2020-10-17 22:40:59.497  WARN 15392 --- [background-preinit] o.s.h.c.j.Jackson2ObjectMapperBuilder    : For Jackson Kotlin classes support please add "com.fasterxml.jackson.module:jackson-module-kotlin" to the classpath
2020-10-17 22:41:00.001  INFO 15392 --- [main] lavalink.server.Launcher                 : Starting Launcher on DESKTOP-FM3TCJO with PID 15392 (C:\Users\Jeremy\Documents\GitHub\VJI-Bot\Lavalink.jar started by Jeremy in C:\Users\Jeremy\Documents\GitHub\VJI-Bot)
2020-10-17 22:41:00.003  INFO 15392 --- [main] lavalink.server.Launcher                 : No active profile set, falling back to default profiles: default
2020-10-17 22:41:05.281  WARN 15392 --- [main] io.undertow.websockets.jsr               : UT026010: Buffer pool was not set on WebSocketDeploymentInfo, the default pool will be used
2020-10-17 22:41:05.375  INFO 15392 --- [main] io.undertow.servlet                      : Initializing Spring embedded WebApplicationContext
2020-10-17 22:41:05.377  INFO 15392 --- [main] o.s.web.context.ContextLoader            : Root WebApplicationContext: initialization completed in 5138 ms
2020-10-17 22:41:06.469  WARN 15392 --- [main] l.server.config.SentryConfiguration      : Turning off sentry
2020-10-17 22:41:06.494  INFO 15392 --- [main] l.s.c.AudioSendFactoryConfiguration      : OS: Windows 10, Arch: amd64
2020-10-17 22:41:06.507  INFO 15392 --- [main] l.s.c.AudioSendFactoryConfiguration      : JDA-NAS supported system detected. Enabled native audio sending.
2020-10-17 22:41:06.509  INFO 15392 --- [main] l.s.c.AudioSendFactoryConfiguration      : Setting buffer to 400ms
2020-10-17 22:41:06.514  INFO 15392 --- [main] l.s.c.AudioSendFactoryConfiguration      : Setting playlist load limit to 6
2020-10-17 22:41:07.559  INFO 15392 --- [main] c.s.d.l.tools.GarbageCollectionMonitor   : GC monitoring enabled, reporting results every 2 minutes.
2020-10-17 22:41:09.150  INFO 15392 --- [main] o.s.s.concurrent.ThreadPoolTaskExecutor  : Initializing ExecutorService 'applicationTaskExecutor'
2020-10-17 22:41:10.561  INFO 15392 --- [main] org.xnio                                 : XNIO version 3.3.8.Final
2020-10-17 22:41:10.635  INFO 15392 --- [main] org.xnio.nio                             : XNIO NIO Implementation Version 3.3.8.Final
2020-10-17 22:41:11.046  INFO 15392 --- [main] o.s.b.w.e.u.UndertowServletWebServer     : Undertow started on port(s) 2333 (http) with context path ''
2020-10-17 22:41:11.067  INFO 15392 --- [main] lavalink.server.Launcher                 : Started Launcher in 13.757 seconds (JVM running for 15.424)
2020-10-17 22:47:32.794  INFO 15392 --- [XNIO-1 task-1] io.undertow.servlet                      : Initializing Spring DispatcherServlet 'dispatcherServlet'
2020-10-17 22:47:32.796  INFO 15392 --- [XNIO-1 task-1] o.s.web.servlet.DispatcherServlet        : Initializing Servlet 'dispatcherServlet'
2020-10-17 22:47:32.822  INFO 15392 --- [XNIO-1 task-1] o.s.web.servlet.DispatcherServlet        : Completed initialization in 20 ms
2020-10-17 22:47:32.914  INFO 15392 --- [XNIO-1 task-1] l.server.io.HandshakeInterceptorImpl     : Incoming connection from /127.0.0.1:58791
2020-10-17 22:47:33.193  INFO 15392 --- [XNIO-1 task-1] lavalink.server.io.SocketServer          : Connection successfully established from /127.0.0.1:58791
2020-10-17 22:47:42.748  INFO 15392 --- [XNIO-1 I/O-3] lavalink.server.io.SocketServer          : Connection closed from /127.0.0.1:58791 -- CloseStatus[code=1006, reason=]
2020-10-17 22:47:42.755  INFO 15392 --- [XNIO-1 I/O-3] lavalink.server.io.SocketContext         : Shutting down 0 playing players.
